0:100  0:100  MemLog inited, TSC freq: 3792519980
0:100  0:000  CPU was calibrated without ACPI PM Timer: ACPI I/O space is not enabled., use RTC
0:100  0:000  
0:100  0:000  Now is 2.1.2018,  14:8:2 (GMT)
0:100  0:000  Starting Clover revision: 4297 on American Megatrends EFI
0:100  0:000  Build with: [Args: -mc --no-usb -D NO_GRUB_DRIVERS_EMBEDDED -t XCODE8 | -D DISABLE_USB_SUPPORT -D NO_GRUB_DRIVERS_EMBEDDED -D USE_BIOS_BLOCKIO -D USE_LOW_EBDA -a X64 -b RELEASE -t XCODE8 -n 9 | OS: 10.12.6 | XCODE: 9.1]
0:100  0:000  SelfDevicePath=PciRoot(0x0)\Pci(0x1D,0x0)\Pci(0x0,0x0)\NVMe(0x1,11-58-B0-71-55-38-25-00)\HD(1,GPT,A2AE368C-C26E-40D2-826A-F4B8C31E2ABF,0x28,0x64000) @BAA48E98
0:100  0:000  SelfDirPath = \EFI\BOOT
0:100  0:000  === [ Get Smbios ] ========================================
0:100  0:000  Type 16 Index = 0
0:100  0:000  Total Memory Slots Count = 4
0:100  0:000  Type 17 Index = 0
0:100  0:000  SmbiosTable.Type17->Speed = 2133MHz
0:100  0:000  SmbiosTable.Type17->Size = 16384MB
0:100  0:000  SmbiosTable.Type17->Bank/Device = BANK 0 ChannelA-DIMM0
0:100  0:000  SmbiosTable.Type17->Vendor = Kingston
0:100  0:000  SmbiosTable.Type17->SerialNumber = 010675FE
0:100  0:000  SmbiosTable.Type17->PartNumber = 9905625-066.A00G    
0:100  0:000  Type 17 Index = 1
0:100  0:000  Ignoring insane frequency value 0MHz
0:100  0:000  SmbiosTable.Type17->Speed = 0MHz
0:100  0:000  SmbiosTable.Type17->Size = 0MB
0:100  0:000  SmbiosTable.Type17->Bank/Device = BANK 1 ChannelA-DIMM1
0:100  0:000  SmbiosTable.Type17->Vendor = <null string>
0:100  0:000  SmbiosTable.Type17->SerialNumber = <null string>
0:100  0:000  SmbiosTable.Type17->PartNumber = <null string>
0:100  0:000  Type 17 Index = 2
0:100  0:000  SmbiosTable.Type17->Speed = 2133MHz
0:100  0:000  SmbiosTable.Type17->Size = 16384MB
0:100  0:000  SmbiosTable.Type17->Bank/Device = BANK 2 ChannelB-DIMM0
0:100  0:000  SmbiosTable.Type17->Vendor = Kingston
0:100  0:000  SmbiosTable.Type17->SerialNumber = 0718268F
0:100  0:000  SmbiosTable.Type17->PartNumber = 9905625-065.A00G    
0:100  0:000  Type 17 Index = 3
0:100  0:000  Ignoring insane frequency value 0MHz
0:100  0:000  SmbiosTable.Type17->Speed = 0MHz
0:100  0:000  SmbiosTable.Type17->Size = 0MB
0:100  0:000  SmbiosTable.Type17->Bank/Device = BANK 3 ChannelB-DIMM1
0:100  0:000  SmbiosTable.Type17->Vendor = <null string>
0:100  0:000  SmbiosTable.Type17->SerialNumber = <null string>
0:100  0:000  SmbiosTable.Type17->PartNumber = <null string>
0:100  0:000  Boot status=0
0:100  0:000  Running on: 'H170N-WIFI' with board 'H170N-WIFI-CF'
0:100  0:000  === [ GetCPUProperties ] ==================================
0:100  0:000  CPU Vendor = 756E6547 Model=906E9
0:100  0:000   The CPU supported SSE4.1
0:100  0:000  BrandString = Intel(R) Core(TM) i5-7600K CPU @ 3.80GHz
0:100  0:000   The CPU supported turbo
0:100  0:000  MSR 0x35               40004
0:100  0:000   TSC/CCC Information Leaf:
0:100  0:000    numerator     : 316
0:100  0:000    denominator   : 2
0:100  0:000   Calibrated ARTFrequency: 24003291
0:100  0:000  MSR 0xE2 before patch 1E000006
0:100  0:000  MSR 0xCE              00080838_F1012600
0:100  0:000  MSR 0x1A0             00850089
0:100  0:000  corrected FLEX_RATIO = E0000
0:100  0:000  FSBFrequency = 105 MHz, DMI FSBFrequency = 100 MHz, Corrected FSBFrequency = 100 MHz
0:100  0:000  MaxDiv/MinDiv: 38.0/8
0:100  0:000  Turbo: 40/41/41/42
0:100  0:000  Features: 0xBFEBFBFF
0:100  0:000  Threads: 4
0:100  0:000  Cores: 4
0:100  0:000  FSB: 100 MHz
0:100  0:000  CPU: 4000 MHz
0:100  0:000  TSC: 4000 MHz
0:100  0:000  PIS: 100 MHz
0:100  0:000  ExternalClock: 25 MHz
0:100  0:000  === [ GetDevices ] ========================================
0:100  0:000  PCI (00|00:00.00) : 8086 591F class=060000
0:100  0:000  PCI (00|00:01.00) : 8086 1901 class=060400
0:100  0:000  PCI (00|01:00.00) : 10DE 1D01 class=030000
0:100  0:000   - GFX: Model=Unknown family 138 (Nvidia)
0:100  0:000  PCI (00|01:00.01) : 10DE 0FB8 class=040300
0:100  0:000   - HDMI Audio: 
0:100  0:000  PCI (00|00:14.00) : 8086 A12F class=0C0330
0:100  0:000  PCI (00|00:16.00) : 8086 A13A class=078000
0:100  0:000  PCI (00|00:17.00) : 8086 A102 class=010601
0:100  0:000  PCI (00|00:1B.00) : 8086 A169 class=060400
0:100  0:000  PCI (00|00:1B.03) : 8086 A16A class=060400
0:100  0:000  PCI (00|00:1C.00) : 8086 A112 class=060400
0:100  0:000  PCI (00|00:1C.04) : 8086 A114 class=060400
0:100  0:000  PCI (00|05:00.00) : 8086 1539 class=020000
0:100  0:000   - LAN: 0 Vendor=Intel
0:100  0:000  PCI (00|00:1C.05) : 8086 A115 class=060400
0:100  0:000  PCI (00|06:00.00) : 14E4 43A0 class=028000
0:100  0:000   - WIFI: Vendor=Broadcom
0:100  0:000  PCI (00|00:1C.06) : 8086 A116 class=060400
0:100  0:000  PCI (00|00:1C.07) : 8086 A117 class=060400
0:100  0:000  PCI (00|00:1D.00) : 8086 A118 class=060400
0:100  0:000  PCI (00|09:00.00) : 144D A804 class=010802
0:100  0:000  PCI (00|00:1F.00) : 8086 A144 class=060100
0:100  0:000  PCI (00|00:1F.02) : 8086 A121 class=058000
0:100  0:000  PCI (00|00:1F.03) : 8086 A170 class=040300
0:100  0:000  PCI (00|00:1F.04) : 8086 A123 class=0C0500
0:100  0:000  PCI (00|00:1F.06) : 8086 15B8 class=020000
0:100  0:000   - LAN: 1 Vendor=Intel
0:100  0:000  === [ GetDefaultSettings ] ================================
0:100  0:000  Clover load options size = 0 bytes
0:102  0:001  EFI\CLOVER\config.plist loaded: Success
0:102  0:000  ---dump hibernations data---
0:102  0:000    Firmware wake address=00000000
0:102  0:000    Firmware wake 64 addr=               0
0:102  0:000    Hardware signature   =C016FCC0
0:102  0:000    GlobalLock           =00000000
0:102  0:000    Flags                =00000000
0:102  0:000  === [ GetListOfThemes ] ===================================
0:103  0:000  - [00]: embedded
0:103  0:000  - [00]: random
0:103  0:000  - [00]: tonymacx86
0:104  0:000  === [ Found config plists ] ===============================
0:104  0:000  - config.plist
0:104  0:000  === [ GetEarlyUserSettings ] ==============================
0:104  0:000  timeout set to 3
0:104  0:000  Custom boot CUSTOM_BOOT_DISABLED (0x0)
0:104  0:000  KextsToPatch: 2 requested
0:104  0:000   - [00]: AppleAHCIPort (External icons patch) :: BinPatch :: data len: 8
0:104  0:000   - [01]: com.apple.driver.usb.AppleUSBXHCIPCI (change 15 port limit to 26 in XHCI kext) :: MatchOS: 10.13.x :: BinPatch :: data len: 4
0:104  0:000  Default theme: tonymacx86
0:104  0:000  Hiding entries with string Windows
0:104  0:000  Hiding entries with string \EFI\BOOT\BOOTX64.EFI
0:104  0:000  === [ LoadDrivers ] =======================================
0:105  0:000  Loading AppleImageCodec-64.efi  status=Success
0:106  0:001  Loading AppleKeyAggregator-64.efi  status=Success
0:107  0:001  Loading AppleUITheme-64.efi  status=Success
0:108  0:001  Loading DataHubDxe-64.efi  status=Success
0:111  0:002  Loading EmuVariableUefi-64.efi  status=Success
0:112  0:001  EmuVariableUefi Initialize: VariableCommonInitialize = Success, orig services stored, install gEmuVariableControlProtocolGuid = Success
0:112  0:000  Loading FirmwareVolume-64.efi  status=Success
0:113  0:001  Loading FSInject-64.efi  status=Success
0:114  0:001  Loading OsxAptioFix2Drv-64.efi  status=Success
0:115  0:001  Loading OsxFatBinaryDrv-64.efi  status=Success
0:117  0:001  Loading SMCHelper-64.efi  status=Success
0:118  0:001  Loading VBoxHfs-64.efi  status=Success
0:119  0:001   - driver needs connecting
0:119  0:000  Loading apfs.efi  status=Success
0:122  0:002   - driver needs connecting
0:122  0:000  2 drivers needs connecting ...
0:122  0:000  PlatformDriverOverrideProtocol->GetDriver overriden
0:122  0:000  APFS driver loaded
0:122  0:000  Searching for invalid DiskIo BY_DRIVER connects: not found, all ok
0:330  0:208  EmuVariable InstallEmulation: orig vars copied, emu.var.services installed, CreateEvent VirtualAddressChange = Success, CreateEvent ExitBootServices = Success, set Status=Success
0:397  0:067  === [ InitScreen ] ========================================
0:397  0:000  SetScreenResolution: 1920x1080 - not found!
0:397  0:000  SetMaxResolution: found best mode 4: 1600x1200
0:580  0:183  Video mode change to mode #4: Success
0:580  0:000   - set
0:580  0:000  Console modes reported: 5, available modes:
0:580  0:000   - [01]: 80x25 (current mode)
0:580  0:000   - [02]: 80x50
0:580  0:000   - [03]: 100x31
0:581  0:000   - [04]: 127x33
0:581  0:000   - [05]: 100x60
0:581  0:000  reinit: self device path=PciRoot(0x0)\Pci(0x1D,0x0)\Pci(0x0,0x0)\NVMe(0x1,11-58-B0-71-55-38-25-00)\HD(1,GPT,A2AE368C-C26E-40D2-826A-F4B8C31E2ABF,0x28,0x64000)
0:581  0:000  Using embedded font: Success
0:582  0:000  === [ GetMacAddress ] =====================================
0:582  0:000  === [ ScanSPD ] ===========================================
0:582  0:000  SMBus device : 8086 A123 class=0C0500 status=Success
0:582  0:000  SMBus CmdReg: 0x1
0:582  0:000  Scanning SMBus [8086:A123], mmio: 0xEF74A004, ioport: 0xF000, hostc: 0x11
0:582  0:000  Slots to scan [8]...
0:582  0:000  SPD[0]: Type 12 @0x50
0:600  0:017  DDR speed 2132MHz
0:600  0:000  Slot: 0 Type 26 16384MB 2132MHz Vendor=Kingston PartNo=9905625-066.A00G SerialNo=0001000607050F0E
0:601  0:000  SPD[2]: Type 12 @0x52
0:619  0:017  DDR speed 2132MHz
0:619  0:000  Slot: 2 Type 26 16384MB 2132MHz Vendor=Kingston PartNo=9905625-065.A00G SerialNo=000701080206080F
0:620  0:000  === [ GetAcpiTablesList ] =================================
0:620  0:000  Get Acpi Tables List from RSDT:
0:620  0:000   - [00]: FACP  A M I  len=132
0:620  0:000   - [01]: APIC  A M I  len=132
0:620  0:000   - [02]: FPDT  A M I  len=68
0:620  0:000   - [03]: MCFG  A M I  len=60
0:620  0:000   - [04]: FIDT  A M I len=156
0:620  0:000   - [05]: SSDT  SaSsdt  len=12628
0:620  0:000   - [06]: SSDT  PegSsdt len=9540
0:620  0:000   - [07]: HPET  KBL len=56
0:620  0:000   - [08]: SSDT  Ther_Rvp len=3643
0:620  0:000   - [09]: SSDT  xh_rvp10 len=10967
0:620  0:000   - [10]: UEFI  EDK2     len=66
0:620  0:000   - [11]: SSDT  CpuSsdt len=3806
0:620  0:000   - [12]: LPIT  KBL len=148
0:620  0:000   - [13]: WSMT  KBL len=40
0:620  0:000   - [14]: SSDT  sensrhub len=671
0:620  0:000   - [15]: SSDT  PtidDevc len=12290
0:620  0:000   - [16]: DBGP   len=52
0:620  0:000   - [17]: DBG2   len=84
0:620  0:000   - [18]: BGRT  A M I  len=56
0:620  0:000  Calibrated TSC Frequency = 3792519980 = 3792MHz
0:620  0:000  === [ GetUserSettings ] ===================================
0:620  0:000  USB FixOwnership: yes
0:620  0:000   - final DSDT Fix mask=00008000
0:620  0:000  PatchesDSDT: 1 requested
0:620  0:000   - [00]: (Rename HDAS to HDEF) lenToFind: 4, lenToReplace: 4
0:620  0:000  Using ProductName from config
0:620  0:000  ProductName: iMac18,3
0:620  0:000  Found same BiosVersion in clover and config
0:620  0:000  BiosVersion: IM183.88Z.0151.B00.1708080034
0:620  0:000  BiosReleaseDate: 08/08/2017
0:620  0:000  Using FirmwareFeatures from config
0:620  0:000  FirmwareFeatures: 0xFC0FE136
0:620  0:000  Using FirmwareFeaturesMask from config
0:620  0:000  FirmwareFeaturesMask: 0xFF1FFF3F
0:620  0:000  PlatformFeature: 0x0
0:620  0:000  Board-ID set from config as Mac-BE088AF8C5EB4FA2
0:620  0:000  BoardType: 0xA
0:620  0:000  ChassisType: 0x9
0:939  0:319  === [ ScanVolumes ] =======================================
0:939  0:000  Found 12 volumes with blockIO
0:939  0:000  - [00]: Volume: PciRoot(0x0)\Pci(0x14,0x0)\USB(0x12,0x0)
0:940  0:000          USB volume
0:940  0:000  - [01]: Volume: PciRoot(0x0)\Pci(0x14,0x0)\USB(0x12,0x0)\HD(1,MBR,0x7043E306,0x2,0xEE7C2AE)
0:941  0:000          Result of bootcode detection: bootable unknown (legacy)
0:941  0:000          USB volume
0:941  0:000  - [02]: Volume: PciRoot(0x0)\Pci(0x14,0x0)\USB(0x12,0x0)\Unit(0x1)
0:941  0:000          Found optical drive
0:941  0:000  Detected name Linux Mint 18.3 Cinnamon 64-bi
0:941  0:000          Found Linux DVD
0:941  0:000          Result of bootcode detection: bootable unknown (linux)
0:941  0:000  - [03]: Volume: PciRoot(0x0)\Pci(0x14,0x0)\USB(0x12,0x0)\Unit(0x1)\CDROM(0x0)
0:941  0:000          Found optical drive
0:942  0:000  - [04]: Volume: PciRoot(0x0)\Pci(0x14,0x0)\USB(0x12,0x0)\Unit(0x1)\CDROM(0x1)
0:942  0:000          Found optical drive
0:942  0:000  Detected name 
0:942  0:000          Result of bootcode detection: bootable unknown (legacy)
0:942  0:000  - [05]: Volume: PciRoot(0x0)\Pci(0x17,0x0)\Sata(0x5,0xFFFF,0x0)
0:946  0:003  - [06]: Volume: PciRoot(0x0)\Pci(0x17,0x0)\Sata(0x5,0xFFFF,0x0)\HD(1,GPT,4B1E7F67-0186-4288-A85B-4706DC0D14A7,0x28,0x64000)
0:946  0:000          Result of bootcode detection: bootable unknown (legacy)
0:948  0:001  - [07]: Volume: PciRoot(0x0)\Pci(0x17,0x0)\Sata(0x5,0xFFFF,0x0)\HD(2,GPT,2973F362-028A-457D-9B7F-63764DA597EC,0x64028,0x1400471)
0:949  0:000  - [08]: Volume: PciRoot(0x0)\Pci(0x1D,0x0)\Pci(0x0,0x0)\NVMe(0x1,11-58-B0-71-55-38-25-00)
0:949  0:000  - [09]: Volume: PciRoot(0x0)\Pci(0x1D,0x0)\Pci(0x0,0x0)\NVMe(0x1,11-58-B0-71-55-38-25-00)\HD(1,GPT,A2AE368C-C26E-40D2-826A-F4B8C31E2ABF,0x28,0x64000)
0:949  0:000          Result of bootcode detection: bootable unknown (legacy)
0:949  0:000          This is SelfVolume !!
0:949  0:000  - [10]: Volume: PciRoot(0x0)\Pci(0x1D,0x0)\Pci(0x0,0x0)\NVMe(0x1,11-58-B0-71-55-38-25-00)\HD(2,GPT,18F65BF1-3492-4406-A6DE-5C4175D38FA4,0x64800,0x1D02B000)
0:949  0:000  - [11]: Volume: PciRoot(0x0)\Pci(0x1D,0x0)\Pci(0x0,0x0)\NVMe(0x1,11-58-B0-71-55-38-25-00)\HD(3,GPT,02019F45-D52F-4DED-AC26-A0620570614D,0x1D08FA28,0x135F20)
0:953  0:003  Loading nvram.plist from Vol 'EFI' - loaded, size=2079
0:960  0:006  === [ PutNvramPlistToRtVars ] =============================
0:960  0:000   Adding Key: EFIBluetoothDelay: Size = 2, Data: B8 0B 
0:960  0:000   Adding Key: EFILoginHiDPI: Size = 4, Data: 00 00 00 00 
0:960  0:000   Skipping EmuVariableUefiPresent
0:960  0:000   Adding Key: SystemAudioVolume: Size = 1, Data: 57 
0:960  0:000   Adding Key: SystemAudioVolumeDB: Size = 1, Data: 00 
0:960  0:000   Adding Key: bluetoothActiveControllerInfo: Size = 16, Data: 1F 82 AC 05 00 00 00 00 83 14 98 FE 94 44 E0 D9 
0:960  0:000   Adding Key: bluetoothInternalControllerInfo: Size = 14, Data: 1F 82 AC 05 00 00 83 14 98 FE 94 44 E0 D9 
0:960  0:000   Adding Key: bootercfg: Size = 2, Data: 28 00 
0:960  0:000   Adding Key: csr-active-config: Size = 4, Data: 67 00 00 00 
0:960  0:000   Adding Key: fakesmc-key-#KEY-ui32: Size = 4, Data: 00 00 00 10 
0:960  0:000   Adding Key: fakesmc-key-$Adr-ui32: Size = 4, Data: 00 00 03 00 
0:960  0:000   Adding Key: fakesmc-key-$Num-ui8: Size = 1, Data: 01 
0:960  0:000   Adding Key: fakesmc-key-BATP-flag: Size = 1, Data: 00 
0:960  0:000   Adding Key: fakesmc-key-BEMB-flag: Size = 1, Data: 00 
0:960  0:000   Adding Key: fakesmc-key-BNum-ui8: Size = 1, Data: 00 
0:960  0:000   Adding Key: fakesmc-key-EPCI-ui32: Size = 4, Data: 09 70 F0 00 
0:960  0:000   Adding Key: fakesmc-key-MSAc-ui16: Size = 2, Data: 00 00 
0:960  0:000   Adding Key: fakesmc-key-MSFW-ui8: Size = 2, Data: 01 00 
0:960  0:000   Adding Key: fakesmc-key-MSPS-ui16: Size = 2, Data: 00 03 
0:960  0:000   Adding Key: fakesmc-key-MSTc-ui8: Size = 1, Data: 00 
0:960  0:000   Adding Key: fakesmc-key-MSWr-ui8: Size = 1, Data: 00 
0:960  0:000   Adding Key: fakesmc-key-RBr -ch8*: Size = 8, Data: 6A 31 33 33 5F 34 5F 00 
0:960  0:000   Adding Key: fakesmc-key-REV -ch8*: Size = 6, Data: 02 41 0F 00 00 01 
0:960  0:000   Adding Key: fakesmc-key-RMde-char: Size = 1, Data: 41 
0:960  0:000   Adding Key: fakesmc-key-RPlt-ch8*: Size = 8, Data: 6A 31 33 35 00 00 00 00 
0:960  0:000   Adding Key: flagstate: Size = 32, Data: 00 00 00 00 00 00 00 00 00 00 00 00 00 00 00 00 00 00 00 00 00 00 00 00 00 00 00 00 00 00 00 00 
0:960  0:000   Adding Key: fmm-computer-name: Size = 4, Data: 69 4D 61 63 
0:960  0:000   Adding Key: prev-lang:kbd: Size = 4, Data: 65 6E 3A 30 
0:960  0:000   Adding Key: security-mode: String: Size = 4, Val = 'none'
0:960  0:000   Adding Key: specialbootdevice: Size = 86, Data: 02 01 0C 00 D0 41 03 0A 00 00 00 00 01 01 06 00 00 1D 01 01 06 00 00 00 03 17 10 00 01 00 00 00 00 25 38 55 71 B0 58 11 04 01 2A 00 02 00 00 00 28 40 06 00 00 00 00 00 00 BA 02 1D 00 00 00 00 CF E4 FF 6A D0 5E 9B 43 8F 1B 0C 75 6F 8D A0 07 02 02 7F FF 04 00 
0:960  0:000  === [ InitTheme ] =========================================
0:963  0:003  Using theme 'tonymacx86' (EFI\CLOVER\themes\tonymacx86)
0:964  0:000  Loading font from ThemeDir: Error
0:964  0:000  Choosing theme tonymacx86
0:964  0:000  after NVRAM boot-args=dart=0 darkwake=8
0:964  0:000  Scanning legacy ...
0:964  0:000   2: 'Linux Mint 18.3 Cinnamon 64-bi' (linux) add legacy
0:969  0:004   added 'Boot Legacy OS from Linux Mint 18.3 Cinnamon 64-bi' OSType=4 Icon=linux
0:969  0:000  === [ Dump SMC keys from NVRAM ] ==========================
0:969  0:000  found AppleSMC protocol
0:969  0:000  === [ ScanLoader ] ========================================
0:969  0:000  - [04]: ''
0:985  0:015          AddLoaderEntry for Volume Name=
0:985  0:000          hiding entry: \EFI\BOOT\BOOTX64.efi
0:985  0:000  - [06]: 'EFI'
1:015  0:030  - [09]: 'EFI'
1:029  0:013  - [10]: 'Samsung'
1:029  0:000          AddLoaderEntry for Volume Name=Samsung
1:031  0:001      Check if volume Is Hibernated:
1:031  0:000      Check sleep image 'by signature':
1:033  0:002      read prefs \Library\Preferences\com.apple.PowerManagement.plist status=Success
1:033  0:000      using default sleep image name = \private\var\vm\sleepimage
1:034  0:000      sleepimage not found -> Not Found
1:034  0:000      hibernated: no - sign
1:049  0:014  - [11]: 'Recovery HD'
1:049  0:000          AddLoaderEntry for Volume Name=Recovery HD
1:063  0:014  === [ AddCustomTool ] =====================================
1:064  0:000  found tool \EFI\CLOVER\tools\Shell64U.efi
1:064  0:000  Checking EFI partition Volume 6 for Clover
1:065  0:001  Checking EFI partition Volume 9 for Clover
1:065  0:000   Found Clover
1:066  0:000  EmuVariable UninstallEmulation: CloseEvent = Success, original var services restored
1:067  0:001  EmuVariable InstallEmulation: orig vars copied, emu.var.services installed, CreateEvent VirtualAddressChange = Success, CreateEvent ExitBootServices = Success, set Status=Success
1:134  0:067  === [ GetEfiBootDeviceFromNvram ] =========================
1:134  0:000   - found entry 1. 'Boot macOS from Samsung', Volume 'Samsung', DevicePath 'PciRoot(0x0)\Pci(0x1D,0x0)\Pci(0x0,0x0)\NVMe(0x1,11-58-B0-71-55-38-25-00)\HD(2,GPT,18F65BF1-3492-4406-A6DE-5C4175D38FA4,0x64800,0x1D02B000)\System\Library\CoreServices\boot.efii'
1:134  0:000  EmuVariable UninstallEmulation: CloseEvent = Success, original var services restored
1:134  0:000  DefaultIndex=1 and MainMenu.EntryCount=9
1:239  0:104  GUI ready
8:222  6:982  BootVariable of the entry is empty
8:222  0:000  EmuVariable UninstallEmulation: CloseEvent = Invalid Parameter, original var services restored
8:277  0:055  CDROMBoot: Booting LBA 909262 @7C00 L2000
